{"method":"POST","url":"/api/posts","time":"7/18/2025, 11:35:48 AM"}
{"method":"POST","url":"/api/posts","time":"7/18/2025, 11:36:38 AM"}
{"method":"POST","url":"/api/posts","time":"7/18/2025, 11:37:06 AM"}
{"method":"POST","url":"/api/posts","time":"7/18/2025, 11:37:59 AM"}
{"method":"POST","url":"/api/posts","time":"7/18/2025, 11:38:23 AM"}
{"method":"POST","url":"/api/posts","time":"7/18/2025, 11:38:37 AM"}
{"method":"PUT","url":"/api/posts/7","time":"7/18/2025, 11:39:22 AM"}
{"method":"DELETE","url":"/api/posts/6","time":"7/18/2025, 11:39:56 AM"}
{"method":"GET","url":"/api/posts/90","time":"7/18/2025, 12:14:03 PM"}
{"method":"GET","url":"/api/posts/90","time":"7/18/2025, 12:15:29 PM"}
{"method":"GET","url":"/api/posts/90","time":"7/18/2025, 12:16:37 PM"}
{"method":"GET","url":"/api/posts/90","time":"7/18/2025, 12:17:25 PM"}
{"method":"GET","url":"/api/posts/90","time":"7/18/2025, 12:20:47 PM"}
{"method":"GET","url":"/api/posts/90","time":"7/18/2025, 12:21:48 PM"}
{"method":"GET","url":"/api/posts/90","time":"7/18/2025, 12:24:50 PM"}
{"method":"GET","url":"/api/posts/90","time":"7/18/2025, 12:25:25 PM"}
{"method":"GET","url":"/api/posts/90","time":"7/18/2025, 12:28:17 PM"}
{"method":"GET","url":"/api/posts/90","time":"7/18/2025, 12:28:23 PM"}
{"method":"GET","url":"/api/posts/90","time":"7/18/2025, 12:28:54 PM"}
{"method":"GET","url":"/api/posts/90","time":"7/18/2025, 12:28:55 PM"}
{"method":"GET","url":"/api/posts/90","time":"7/18/2025, 12:29:21 PM"}
{"method":"GET","url":"/api/posts/90","time":"7/18/2025, 12:29:43 PM"}
{"method":"GET","url":"/api/posts/90","time":"7/18/2025, 12:30:01 PM"}
{"method":"GET","url":"/api/posts/90","time":"7/18/2025, 12:30:14 PM"}
{"method":"GET","url":"/api/posts/90","time":"7/18/2025, 12:56:19 PM"}
{"method":"POST","url":"/api/posts/90","time":"7/18/2025, 12:56:36 PM"}
{"method":"POST","url":"/api/posts/","time":"7/18/2025, 12:59:20 PM"}
{"method":"POST","url":"/api/posts/","time":"7/18/2025, 1:00:02 PM"}
{"method":"POST","url":"/api/posts/","time":"7/18/2025, 1:00:03 PM"}
{"method":"POST","url":"/api/posts/","time":"7/18/2025, 1:00:04 PM"}
{"method":"POST","url":"/api/posts/","time":"7/18/2025, 1:00:05 PM"}
{"method":"POST","url":"/api/posts/","time":"7/18/2025, 1:00:05 PM"}
{"method":"POST","url":"/api/posts/?title=fatih6","time":"7/18/2025, 1:00:39 PM"}
{"method":"POST","url":"/api/posts/","time":"7/18/2025, 1:01:21 PM"}
{"method":"DELETE","url":"/api/posts/45","time":"7/18/2025, 1:01:36 PM"}
{"method":"GET","url":"/api/test","time":"7/18/2025, 9:11:59 PM"}
{"method":"GET","url":"/api/test","time":"7/18/2025, 9:12:48 PM"}
{"method":"GET","url":"/api/test","time":"7/18/2025, 9:13:09 PM"}
{"method":"GET","url":"/api/test","time":"7/18/2025, 9:14:07 PM"}
